[debug] [2022-11-12T08:31:46.119Z] ----------------------------------------------------------------------
[debug] [2022-11-12T08:31:46.120Z] Command:       /usr/local/bin/node /usr/local/bin/firebase init
[debug] [2022-11-12T08:31:46.121Z] CLI Version:   11.16.0
[debug] [2022-11-12T08:31:46.121Z] Platform:      darwin
[debug] [2022-11-12T08:31:46.121Z] Node Version:  v16.13.2
[debug] [2022-11-12T08:31:46.121Z] Time:          Sat Nov 12 2022 00:31:46 GMT-0800 (Pacific Standard Time)
[debug] [2022-11-12T08:31:46.121Z] ----------------------------------------------------------------------
[debug] 
[debug] [2022-11-12T08:31:46.124Z] > command requires scopes: ["email","openid","https://www.googleapis.com/auth/cloudplatformprojects.readonly","https://www.googleapis.com/auth/firebase","https://www.googleapis.com/auth/cloud-platform"]
[debug] [2022-11-12T08:31:46.124Z] > authorizing via signed-in user (xiaokunchen0@gmail.com)
[info] 
     ######## #### ########  ######## ########     ###     ######  ########
     ##        ##  ##     ## ##       ##     ##  ##   ##  ##       ##
     ######    ##  ########  ######   ########  #########  ######  ######
     ##        ##  ##    ##  ##       ##     ## ##     ##       ## ##
     ##       #### ##     ## ######## ########  ##     ##  ######  ########

You're about to initialize a Firebase project in this directory:

  /Users/xiaokun/Desktop/deepsolar/deepsolar_web

[info] 
=== Project Setup
[info] 
[info] First, let's associate this project directory with a Firebase project.
[info] You can create multiple project aliases by running firebase use --add, 
[info] but for now we'll just set up a default project.
[info] 
[debug] [2022-11-12T08:32:06.400Z] >>> [apiv2][query] GET https://firebase.googleapis.com/v1beta1/projects pageSize=100
[debug] [2022-11-12T08:32:06.913Z] <<< [apiv2][status] GET https://firebase.googleapis.com/v1beta1/projects 200
[debug] [2022-11-12T08:32:06.913Z] <<< [apiv2][body] GET https://firebase.googleapis.com/v1beta1/projects [omitted]
[info] i  Using project deepsolarfirebase (deepsolarfirebase) 
[info] 
=== Hosting Setup
[info] 
[info] Your public directory is the folder (relative to your project directory) that
[info] will contain Hosting assets to be uploaded with firebase deploy. If you
[info] have a build process for your assets, use your build's output directory.
[info] 
[debug] [2022-11-12T08:32:35.232Z] >>> [apiv2][query] GET https://www.gstatic.com/firebasejs/releases.json [none]
[debug] [2022-11-12T08:32:35.336Z] <<< [apiv2][status] GET https://www.gstatic.com/firebasejs/releases.json 200
[debug] [2022-11-12T08:32:35.337Z] <<< [apiv2][body] GET https://www.gstatic.com/firebasejs/releases.json {"current":{"version":"9.14.0","browserURL":"https://www.gstatic.com/firebasejs/9.14.0/firebase.js","packageURL":"https://www.gstatic.com/firebasejs/9.14.0/firebase.tgz"},"live":{"version":"9.14","browserURL":"https://www.gstatic.com/firebasejs/live/9.14/firebase.js","packageURL":"https://www.gstatic.com/firebasejs/live/9.14/firebase.tgz"},"components":{"analytics":"https://www.gstatic.com/firebasejs/9.14.0/firebase-analytics.js","app":"https://www.gstatic.com/firebasejs/9.14.0/firebase-app.js","app-check":"https://www.gstatic.com/firebasejs/9.14.0/firebase-app-check.js","auth":"https://www.gstatic.com/firebasejs/9.14.0/firebase-auth.js","auth/cordova":"https://www.gstatic.com/firebasejs/9.14.0/firebase-auth/cordova.js","auth/react-native":"https://www.gstatic.com/firebasejs/9.14.0/firebase-auth/react-native.js","functions":"https://www.gstatic.com/firebasejs/9.14.0/firebase-functions.js","firestore":"https://www.gstatic.com/firebasejs/9.14.0/firebase-firestore.js","firestore/lite":"https://www.gstatic.com/firebasejs/9.14.0/firebase-firestore/lite.js","installations":"https://www.gstatic.com/firebasejs/9.14.0/firebase-installations.js","storage":"https://www.gstatic.com/firebasejs/9.14.0/firebase-storage.js","performance":"https://www.gstatic.com/firebasejs/9.14.0/firebase-performance.js","remote-config":"https://www.gstatic.com/firebasejs/9.14.0/firebase-remote-config.js","messaging":"https://www.gstatic.com/firebasejs/9.14.0/firebase-messaging.js","messaging/sw":"https://www.gstatic.com/firebasejs/9.14.0/firebase-messaging/sw.js","database":"https://www.gstatic.com/firebasejs/9.14.0/firebase-database.js","firestore.memory":"https://www.gstatic.com/firebasejs/9.14.0/firebase-firestore.memory.js"}}
[info] ✔  Wrote y/index.html 
[info] 
[info] i  Didn't detect a .git folder. Assuming /Users/xiaokun/Desktop/deepsolar/deepsolar_web is the project root. 
[info] i  Authorizing with GitHub to upload your service account to a GitHub repository's secrets store. 
[info] 
[info] Visit this URL on this device to log in:
[info] https://github.com/login/oauth/authorize?client_id=89cf50f02ac6aaed3484&state=299303482&redirect_uri=http%3A%2F%2Flocalhost%3A9005&scope=read%3Auser%20repo%20public_repo
[info] 
[info] Waiting for authentication...
[debug] [2022-11-12T08:32:42.512Z] >>> [apiv2][query] POST https://github.com/login/oauth/access_token [none]
[debug] [2022-11-12T08:32:42.512Z] >>> [apiv2][body] POST https://github.com/login/oauth/access_token [stream]
[debug] [2022-11-12T08:32:42.758Z] <<< [apiv2][status] POST https://github.com/login/oauth/access_token 200
[debug] [2022-11-12T08:32:42.759Z] <<< [apiv2][body] POST https://github.com/login/oauth/access_token {"access_token":"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","token_type":"bearer","scope":"read:user,repo"}
[debug] [2022-11-12T08:32:42.769Z] >>> [apiv2][query] GET https://api.github.com/user [none]
[debug] [2022-11-12T08:32:43.050Z] <<< [apiv2][status] GET https://api.github.com/user 200
[debug] [2022-11-12T08:32:43.050Z] <<< [apiv2][body] GET https://api.github.com/user {"login":"kobe0938","id":77318639,"node_id":"MDQ6VXNlcjc3MzE4NjM5","avatar_url":"https://avatars.githubusercontent.com/u/77318639?v=4","gravatar_id":"","url":"https://api.github.com/users/kobe0938","html_url":"https://github.com/kobe0938","followers_url":"https://api.github.com/users/kobe0938/followers","following_url":"https://api.github.com/users/kobe0938/following{/other_user}","gists_url":"https://api.github.com/users/kobe0938/gists{/gist_id}","starred_url":"https://api.github.com/users/kobe0938/starred{/owner}{/repo}","subscriptions_url":"https://api.github.com/users/kobe0938/subscriptions","organizations_url":"https://api.github.com/users/kobe0938/orgs","repos_url":"https://api.github.com/users/kobe0938/repos","events_url":"https://api.github.com/users/kobe0938/events{/privacy}","received_events_url":"https://api.github.com/users/kobe0938/received_events","type":"User","site_admin":false,"name":"Xiaokun Chen","company":null,"blog":"","location":"stanford","email":"xiaokunchen0@gmail.com","hireable":null,"bio":null,"twitter_username":null,"public_repos":9,"public_gists":0,"followers":0,"following":0,"created_at":"2021-01-12T06:39:10Z","updated_at":"2022-09-24T02:21:40Z","private_gists":0,"total_private_repos":2,"owned_private_repos":2,"disk_usage":45529,"collaborators":0,"two_factor_authentication":false,"plan":{"name":"free","space":976562499,"collaborators":0,"private_repos":10000}}
[info] 
[info] ✔  Success! Logged into GitHub as kobe0938 
[info] 
[debug] [2022-11-12T08:33:38.121Z] >>> [apiv2][query] GET https://api.github.com/repos/n/actions/secrets/public-key type=owner
[debug] [2022-11-12T08:33:38.407Z] <<< [apiv2][status] GET https://api.github.com/repos/n/actions/secrets/public-key 404
[debug] [2022-11-12T08:33:38.408Z] <<< [apiv2][body] GET https://api.github.com/repos/n/actions/secrets/public-key {"message":"Not Found","documentation_url":"https://docs.github.com/rest"}
[debug] [2022-11-12T08:33:39.443Z] >>> [apiv2][query] GET https://api.github.com/repos/n/actions/secrets/public-key type=owner
[debug] [2022-11-12T08:33:39.667Z] <<< [apiv2][status] GET https://api.github.com/repos/n/actions/secrets/public-key 404
[debug] [2022-11-12T08:33:39.667Z] <<< [apiv2][body] GET https://api.github.com/repos/n/actions/secrets/public-key {"message":"Not Found","documentation_url":"https://docs.github.com/rest"}
